<?xml version="1.0" encoding="UTF-8"?>
<!-- Generated by org.testng.reporters.JUnitReportReporter -->
<testsuite hostname="LAPTOP-4LNFGR6C" failures="0" tests="1" name="TestCases.Login" time="28.336" errors="0" timestamp="2024-08-03T17:08:27 IST" skipped="0">
  <testcase classname="TestCases.Login" name="login_1" time="28.336"/>
  <system-out/>
</testsuite> <!-- TestCases.Login -->
